<?xml version="1.0" encoding="UTF-8"?>
<!-- Generated by org.testng.reporters.JUnitXMLReporter -->
<testsuite ignored="4" hostname="TYSS-Mohammad" failures="2" tests="18" name="Test" time="16.167" errors="0" timestamp="2022-01-06T13:54:32 IST">
  <testcase classname="com.crm.vtiger.LoginToVtigerTest" name="ReadLoginDetailsFromPropertyFile" time="3.939"/>
  <testcase classname="com.crm.vtiger.dataProvider.CreateOrgTest" name="createOrg" time="0.001"/>
  <testcase classname="com.crm.vtiger.dataProvider.CreateOrgTest" name="createOrgWithIndustry" time="0.001"/>
  <testcase classname="com.crm.vtiger.dataProvider.CreateOrgTest" name="createOrgWithRating" time="0.001"/>
  <testcase classname="javaprogram.LaunchBrowserTest" name="launchBrowser" time="5.901"/>
  <testcase classname="practice.RetryAnalyzer" name="retryAnalyzerMethod" time="0.004">
    <skipped/>
  </testcase> <!-- retryAnalyzerMethod -->
  <testcase classname="practice.RetryAnalyzer" name="retryAnalyzerMethod" time="0.001">
    <skipped/>
  </testcase> <!-- retryAnalyzerMethod -->
  <testcase classname="practice.RetryAnalyzer" name="retryAnalyzerMethod" time="0.001">
    <skipped/>
  </testcase> <!-- retryAnalyzerMethod -->
  <testcase classname="practice.RetryAnalyzer" name="retryAnalyzerMethod" time="0.001">
    <failure type="java.lang.AssertionError" message="expected [true] but found [false]">
      <![CDATA[java.lang.AssertionError: expected [true] but found [false]
at practice.RetryAnalyzer.retryAnalyzerMethod(RetryAnalyzer.java:12)
at java.base/java.util.ArrayList.forEach(ArrayList.java:1511)
... Removed 31 stack frames]]>
    </failure>
  </testcase> <!-- retryAnalyzerMethod -->
  <testcase classname="com.crm.vtiger.LogIn" name="clickOrg" time="0.001">
    <failure type="java.lang.NullPointerException" message="Cannot invoke &amp;quot;org.openqa.selenium.WebDriver.findElement(org.openqa.selenium.By)&amp;quot; because &amp;quot;this.driver&amp;quot; is null">
      <![CDATA[java.lang.NullPointerException: Cannot invoke "org.openqa.selenium.WebDriver.findElement(org.openqa.selenium.By)" because "this.driver" is null
at com.crm.vtiger.LogIn.clickOrg(LogIn.java:11)
at java.base/java.util.ArrayList.forEach(ArrayList.java:1511)
... Removed 27 stack frames]]>
    </failure>
  </testcase> <!-- clickOrg -->
  <testcase classname="com.crm.vtiger.CreateOrgTest" name="createOrg" time="0.001"/>
  <testcase classname="com.crm.vtiger.CreateOrgTest" name="createOrgWithIndustry" time="0.0"/>
  <testcase classname="com.crm.vtiger.CreateOrgTest" name="createOrgWithRating" time="0.001"/>
  <testcase classname="com.crm.vtiger.dataProvider.DataProviderDemoTest" name="ticketBooking" time="0.002"/>
  <testcase classname="com.crm.vtiger.dataProvider.DataProviderDemoTest" name="ticketBooking" time="0.001"/>
  <testcase classname="com.crm.vtiger.dataProvider.DataProviderDemoTest" name="ticketBooking" time="0.001"/>
  <testcase classname="com.crm.vtiger.dataProvider.DataProviderDemoTest" name="ticketBooking" time="0.0"/>
  <testcase classname="com.crm.vtiger.dataProvider.DataProviderDemoTest" name="ticketBooking" time="0.001"/>
  <testcase classname="com.crm.vtiger.genericFileUtilities.BaseClass" name="@AfterSuite configAS" time="0.0">
    <ignored/>
  </testcase> <!-- @AfterSuite configAS -->
  <testcase classname="com.crm.vtiger.genericFileUtilities.BaseClass" name="@AfterSuite configAS" time="0.0">
    <ignored/>
  </testcase> <!-- @AfterSuite configAS -->
  <testcase classname="com.crm.vtiger.genericFileUtilities.BaseClass" name="@BeforeSuite configBS" time="0.0">
    <ignored/>
  </testcase> <!-- @BeforeSuite configBS -->
  <testcase classname="com.crm.vtiger.genericFileUtilities.BaseClass" name="@BeforeSuite configBS" time="0.0">
    <ignored/>
  </testcase> <!-- @BeforeSuite configBS -->
</testsuite> <!-- Test -->
